{"/Users/macbook/Desktop/code/lqt-utils/src/Foo/index.tsx": {"path":"/Users/macbook/Desktop/code/lqt-utils/src/Foo/index.tsx","statementMap":{"0":{"start":{"line":3,"column":35},"end":{"line":3,"column":68}},"1":{"start":{"line":3,"column":46},"end":{"line":3,"column":68}}},"fnMap":{"0":{"name":"(anonymous_0)","decl":{"start":{"line":3,"column":35},"end":{"line":3,"column":36}},"loc":{"start":{"line":3,"column":46},"end":{"line":3,"column":68}},"line":3}},"branchMap":{},"s":{"0":0,"1":0},"f":{"0":0},"b":{}}
}
